<?xml version="1.0" encoding="UTF-8"?>
<!-- Generated by org.testng.reporters.JUnitReportReporter -->
<testsuite skipped="0" hostname="DESKTOP-KQN3F0G" name="testSelenium.test" tests="1" failures="0" timestamp="23 Feb 2019 14:52:05 GMT" time="1.289" errors="0">
  <testcase name="hihi" time="1.289" classname="testSelenium.test"/>
</testsuite> <!-- testSelenium.test -->
