<?xml version="1.0" encoding="UTF-8"?>
<!-- Generated by org.testng.reporters.JUnitReportReporter -->
<testsuite skipped="0" hostname="DESKTOP-KQN3F0G" name="testSelenium.testDeparts" tests="13" failures="0" timestamp="04 Mar 2019 12:29:36 GMT" time="24.347" errors="0">
  <testcase name="addDeparts_01" time="1.528" classname="testSelenium.testDeparts"/>
  <testcase name="addDeparts_02" time="1.577" classname="testSelenium.testDeparts"/>
  <testcase name="addDeparts_03" time="1.452" classname="testSelenium.testDeparts"/>
  <testcase name="addDeparts_04" time="1.492" classname="testSelenium.testDeparts"/>
  <testcase name="addDeparts_05" time="1.491" classname="testSelenium.testDeparts"/>
  <testcase name="addDeparts_06" time="1.575" classname="testSelenium.testDeparts"/>
  <testcase name="addDeparts_07" time="1.884" classname="testSelenium.testDeparts"/>
  <testcase name="addDeparts_08" time="1.691" classname="testSelenium.testDeparts"/>
  <testcase name="addDeparts_09" time="2.697" classname="testSelenium.testDeparts"/>
  <testcase name="addDeparts_10" time="2.165" classname="testSelenium.testDeparts"/>
  <testcase name="addDeparts_11" time="2.380" classname="testSelenium.testDeparts"/>
  <testcase name="addDeparts_12" time="2.041" classname="testSelenium.testDeparts"/>
  <testcase name="addDeparts_13" time="2.374" classname="testSelenium.testDeparts"/>
</testsuite> <!-- testSelenium.testDeparts -->
